[ 2016-08-15T22:50:01+08:00 ] 127.0.0.1 /barbershopums/
INFO: [ app_init ] --START--
INFO: Run Behavior\BuildLiteBehavior [ RunTime:0.000023s ]
INFO: [ app_init ] --END-- [ RunTime:0.000665s ]
ERR: 无法加载模块:Barbershopums

[ 2016-08-15T22:50:07+08:00 ] 127.0.0.1 /barbershopums/
INFO: [ app_init ] --START--
INFO: Run Behavior\BuildLiteBehavior [ RunTime:0.000020s ]
INFO: [ app_init ] --END-- [ RunTime:0.000576s ]
ERR: 无法加载模块:Barbershopums

[ 2016-08-15T22:50:07+08:00 ] 127.0.0.1 /barbershopums/
INFO: [ app_init ] --START--
INFO: Run Behavior\BuildLiteBehavior [ RunTime:0.000020s ]
INFO: [ app_init ] --END-- [ RunTime:0.000560s ]
ERR: 无法加载模块:Barbershopums

[ 2016-08-15T22:50:10+08:00 ] 127.0.0.1 /barbershopums/
INFO: [ app_init ] --START--
INFO: Run Behavior\BuildLiteBehavior [ RunTime:0.000020s ]
INFO: [ app_init ] --END-- [ RunTime:0.000614s ]
ERR: 无法加载模块:Barbershopums

[ 2016-08-15T22:51:15+08:00 ] 127.0.0.1 /barbershopums/
INFO: [ app_init ] --START--
INFO: Run Behavior\BuildLiteBehavior [ RunTime:0.000040s ]
INFO: [ app_init ] --END-- [ RunTime:0.001136s ]
ERR: 无法加载模块:Barbershopums

[ 2016-08-15T22:51:32+08:00 ] 127.0.0.1 /barbershopums/
INFO: [ app_init ] --START--
INFO: Run Behavior\BuildLiteBehavior [ RunTime:0.000037s ]
INFO: [ app_init ] --END-- [ RunTime:0.001545s ]
ERR: 无法加载模块:Barbershopums

[ 2016-08-15T22:52:33+08:00 ] 127.0.0.1 /barbershopums/
INFO: [ app_init ] --START--
INFO: Run Behavior\BuildLiteBehavior [ RunTime:0.000022s ]
INFO: [ app_init ] --END-- [ RunTime:0.000749s ]
ERR: 无法加载模块:Barbershopums

[ 2016-08-15T22:59:06+08:00 ] 127.0.0.1 /barbershopums/
INFO: [ app_init ] --START--
INFO: Run Behavior\BuildLiteBehavior [ RunTime:0.000023s ]
INFO: [ app_init ] --END-- [ RunTime:0.000638s ]
ERR: 无法加载模块:Barbershopums

[ 2016-08-15T22:59:06+08:00 ] 127.0.0.1 /barbershopums/
INFO: [ app_init ] --START--
INFO: Run Behavior\BuildLiteBehavior [ RunTime:0.000022s ]
INFO: [ app_init ] --END-- [ RunTime:0.000573s ]
ERR: 无法加载模块:Barbershopums

[ 2016-08-15T23:24:32+08:00 ] 127.0.0.1 /barberShopUMS/
INFO: [ app_init ] --START--
INFO: Run Behavior\BuildLiteBehavior [ RunTime:0.000023s ]
INFO: [ app_init ] --END-- [ RunTime:0.000837s ]
ERR: 无法加载模块:BarberShopUMS

